<?xml version="1.0" encoding="UTF-8"?>
<testsuite xmlns:xsi="http://www.w3.org/2001/XMLSchema-instance" xsi:noNamespaceSchemaLocation="https://maven.apache.org/surefire/maven-surefire-plugin/xsd/surefire-test-report-3.0.xsd" version="3.0" name="com.example.CourseRegisterTest" time="0.007" tests="4" errors="0" skipped="0" failures="0">
  <properties>
    <property name="java.specification.version" value="15"/>
    <property name="sun.cpu.isalist" value="amd64"/>
    <property name="sun.jnu.encoding" value="Cp1252"/>
    <property name="java.class.path" value="d:\GeekTrust\CourseScheduler\CourseSchedulerSystem\geektrust\target\test-classes;d:\GeekTrust\CourseScheduler\CourseSchedulerSystem\geektrust\target\classes;C:\Users\Medha\.m2\repository\junit\junit\4.13.2\junit-4.13.2.jar;C:\Users\Medha\.m2\repository\org\hamcrest\hamcrest-core\1.3\hamcrest-core-1.3.jar;"/>
    <property name="java.vm.vendor" value="Oracle Corporation"/>
    <property name="sun.arch.data.model" value="64"/>
    <property name="user.variant" value=""/>
    <property name="java.vendor.url" value="https://java.oracle.com/"/>
    <property name="user.timezone" value="Asia/Calcutta"/>
    <property name="os.name" value="Windows 10"/>
    <property name="java.vm.specification.version" value="15"/>
    <property name="sun.java.launcher" value="SUN_STANDARD"/>
    <property name="user.country" value="IN"/>
    <property name="sun.boot.library.path" value="C:\Program Files\Java\jdk-15.0.2\bin"/>
    <property name="sun.java.command" value="C:\Users\Medha\AppData\Local\Temp\surefire4944654950188198529\surefirebooter-20230502074332499_3.jar C:\Users\Medha\AppData\Local\Temp\surefire4944654950188198529 2023-05-02T07-43-32_350-jvmRun1 surefire-20230502074332499_1tmp surefire_0-20230502074332499_2tmp"/>
    <property name="jdk.debug" value="release"/>
    <property name="surefire.test.class.path" value="d:\GeekTrust\CourseScheduler\CourseSchedulerSystem\geektrust\target\test-classes;d:\GeekTrust\CourseScheduler\CourseSchedulerSystem\geektrust\target\classes;C:\Users\Medha\.m2\repository\junit\junit\4.13.2\junit-4.13.2.jar;C:\Users\Medha\.m2\repository\org\hamcrest\hamcrest-core\1.3\hamcrest-core-1.3.jar;"/>
    <property name="sun.cpu.endian" value="little"/>
    <property name="user.home" value="C:\Users\Medha"/>
    <property name="user.language" value="en"/>
    <property name="java.specification.vendor" value="Oracle Corporation"/>
    <property name="java.version.date" value="2021-01-19"/>
    <property name="java.home" value="C:\Program Files\Java\jdk-15.0.2"/>
    <property name="file.separator" value="\"/>
    <property name="basedir" value="d:\GeekTrust\CourseScheduler\CourseSchedulerSystem\geektrust"/>
    <property name="java.vm.compressedOopsMode" value="32-bit"/>
    <property name="line.separator" value="&#10;"/>
    <property name="java.vm.specification.vendor" value="Oracle Corporation"/>
    <property name="java.specification.name" value="Java Platform API Specification"/>
    <property name="surefire.real.class.path" value="C:\Users\Medha\AppData\Local\Temp\surefire4944654950188198529\surefirebooter-20230502074332499_3.jar"/>
    <property name="user.script" value=""/>
    <property name="sun.management.compiler" value="HotSpot 64-Bit Tiered Compilers"/>
    <property name="java.runtime.version" value="15.0.2+7-27"/>
    <property name="user.name" value="Medha"/>
    <property name="path.separator" value=";"/>
    <property name="os.version" value="10.0"/>
    <property name="java.runtime.name" value="Java(TM) SE Runtime Environment"/>
    <property name="file.encoding" value="Cp1252"/>
    <property name="java.vm.name" value="Java HotSpot(TM) 64-Bit Server VM"/>
    <property name="localRepository" value="C:\Users\Medha\.m2\repository"/>
    <property name="java.vendor.url.bug" value="https://bugreport.java.com/bugreport/"/>
    <property name="java.io.tmpdir" value="C:\Users\Medha\AppData\Local\Temp\"/>
    <property name="java.version" value="15.0.2"/>
    <property name="user.dir" value="d:\GeekTrust\CourseScheduler\CourseSchedulerSystem\geektrust"/>
    <property name="os.arch" value="amd64"/>
    <property name="java.vm.specification.name" value="Java Virtual Machine Specification"/>
    <property name="sun.os.patch.level" value=""/>
    <property name="java.library.path" value="C:\Program Files\Java\jdk-15.0.2\bin;C:\WINDOWS\Sun\Java\bin;C:\WINDOWS\system32;C:\WINDOWS;C:\Python311\Scripts\;C:\Python311\;C:\Program Files\Common Files\Oracle\Java\javapath;C:\WINDOWS\system32;C:\WINDOWS;C:\WINDOWS\System32\Wbem;C:\WINDOWS\System32\WindowsPowerShell\v1.0\;C:\WINDOWS\System32\OpenSSH\;C:\Program Files\PuTTY\;C:\Program Files (x86)\dotnet\;C:\Program Files\Git\cmd;C:\ProgramData\chocolatey\bin;C:\Program Files\nodejs\;C:\Ruby32-x64\bin;C:\Users\Medha\AppData\Local\Microsoft\WindowsApps;C:\Program Files (x86)\Nmap;C:\Program Files\Java\jre1.8.0_271\bin;C:\Users\Medha\AppData\Local\Google\Cloud SDK\google-cloud-sdk\bin;D:\Microsoft VS Code\bin;C:\Users\Medha\AppData\Roaming\npm;C:\Program Files\PostgreSQL\15\bin;;."/>
    <property name="java.vm.info" value="mixed mode, sharing"/>
    <property name="java.vendor" value="Oracle Corporation"/>
    <property name="java.vm.version" value="15.0.2+7-27"/>
    <property name="sun.io.unicode.encoding" value="UnicodeLittle"/>
    <property name="java.class.version" value="59.0"/>
  </properties>
  <testcase name="testRegisterInputDataError" classname="com.example.CourseRegisterTest" time="0.001">
    <system-out><![CDATA[INPUT_DATA_ERROR
]]></system-out>
  </testcase>
  <testcase name="testRegisterCourseNotFoundError" classname="com.example.CourseRegisterTest" time="0.001">
    <system-out><![CDATA[COURSE_NOT_FOUND_ERROR
]]></system-out>
  </testcase>
  <testcase name="testRegister" classname="com.example.CourseRegisterTest" time="0.001">
    <system-out><![CDATA[REG-COURSE-andy-PYTHON ACCEPTED
]]></system-out>
  </testcase>
  <testcase name="testRegisterCourseFullError" classname="com.example.CourseRegisterTest" time="0.002">
    <system-out><![CDATA[REG-COURSE-andy-PYTHON ACCEPTED
REG-COURSE-woo-PYTHON ACCEPTED
REG-COURSE-alice-PYTHON ACCEPTED
]]></system-out>
  </testcase>
</testsuite>